<?xml version="1.0" encoding="UTF-8"?>
<!-- Generated by org.testng.reporters.JUnitReportReporter -->
<testsuite hostname="LAPTOP-CJ1P4A3I" failures="0" tests="2" name="tyss123.Abc" time="0.006" errors="0" timestamp="2021-11-16T01:39:05 IST" skipped="0">
  <testcase classname="tyss123.Abc" name="testCaseOne" time="0.001"/>
  <system-out/>
  <testcase classname="tyss123.Abc" name="testCaseOne" time="0.005"/>
  <system-out/>
</testsuite> <!-- tyss123.Abc -->
